*******************************************************************
* Genome-wide Complex Trait Analysis (GCTA)
* version 1.91.7 beta1
* (C) 2010-2018, The University of Queensland
* Please report bugs to: Jian Yang <jian.yang@uq.edu.au>
*******************************************************************
Analysis started at 23:28:59 UTC on Thu Jul 06 2023.
Hostname: r206u29n10

Accepted options:
--reml
--reml-no-lrt
--reml-no-constrain
--reml-est-fix
--pheno ./rg0.pheno
--out ./rg0
--thread-num 2
--grm ./rg0
--qcovar ./rg0.covar

Note: the program will be running on 2 threads.

Reading IDs of the GRM from [./rg0.grm.id].
13173 IDs read from [./rg0.grm.id].
Reading the GRM from [./rg0.grm.bin].
GRM for 13173 individuals are included from [./rg0.grm.bin].
Reading phenotypes from [./rg0.pheno].
Non-missing phenotypes of 4821 individuals are included from [./rg0.pheno].
Reading quantitative covariates from [./rg0.covar].
10 quantitative covariate(s) of 4821 individuals read from [./rg0.covar].

10 quantitative variable(s) included as covariate(s).
4821 individuals are in common in these files.

Performing  REML analysis ... (Note: may take hours depending on sample size).
4821 observations, 11 fixed effect(s), and 2 variance component(s)(including residual variance).
Calculating prior values of variance components by EM-REML ...
Updated prior values: 0.544915 0.608928
logL: -2290.87
Running AI-REML algorithm ...
Iter.	logL	V(G)	V(e)	
1	-2209.13	0.64370	0.59694	
2	-2199.01	0.73193	0.58316	
3	-2193.55	0.80544	0.57014	
4	-2190.70	0.86326	0.55918	
5	-2189.26	0.90671	0.55063	
6	-2188.56	0.93829	0.54430	
7	-2188.22	1.00919	0.52995	
8	-2187.91	1.00987	0.52993	
9	-2187.91	1.00985	0.52994	
Log-likelihood ratio converged.

Summary result of REML analysis:
Source	Variance	SE
V(G)	1.009853	0.121090
V(e)	0.529940	0.042043
Vp	1.539793	0.084728
V(G)/Vp	0.655837	0.043977

Sampling variance/covariance of the estimates of variance components:
1.466276e-02	-4.625816e-03	
-4.625816e-03	1.767648e-03	
Estimatesof fixed effects:

Source	Estimate	SE
mean	-0.001012	0.655296
X_2	0.082369	0.050208
X_3	-0.020823	0.035530
X_4	-0.018034	0.035486
X_5	-0.039603	0.034199
X_6	-0.012105	0.034016
X_7	-0.001554	0.034660
X_8	-0.054797	0.034147
X_9	-0.027085	0.034217
X_10	-0.022896	0.033965
X_11	-0.024370	0.032674

Summary result of REML analysis has been saved in the file [./rg0.hsq].

Analysis finished at 23:29:49 UTC on Thu Jul 06 2023
Computational time: 50.530727 second(s).
