*******************************************************************
* Genome-wide Complex Trait Analysis (GCTA)
* version 1.91.7 beta1
* (C) 2010-2018, The University of Queensland
* Please report bugs to: Jian Yang <jian.yang@uq.edu.au>
*******************************************************************
Analysis started at 23:34:30 UTC on Thu Jul 06 2023.
Hostname: r206u29n10

Accepted options:
--reml
--reml-no-lrt
--reml-no-constrain
--reml-est-fix
--pheno ./rg30.pheno
--out ./rg30
--thread-num 2
--grm ./rg30
--qcovar ./rg30.covar

Note: the program will be running on 2 threads.

Reading IDs of the GRM from [./rg30.grm.id].
13173 IDs read from [./rg30.grm.id].
Reading the GRM from [./rg30.grm.bin].
GRM for 13173 individuals are included from [./rg30.grm.bin].
Reading phenotypes from [./rg30.pheno].
Non-missing phenotypes of 4821 individuals are included from [./rg30.pheno].
Reading quantitative covariates from [./rg30.covar].
10 quantitative covariate(s) of 4821 individuals read from [./rg30.covar].

10 quantitative variable(s) included as covariate(s).
4821 individuals are in common in these files.

Performing  REML analysis ... (Note: may take hours depending on sample size).
4821 observations, 11 fixed effect(s), and 2 variance component(s)(including residual variance).
Calculating prior values of variance components by EM-REML ...
Updated prior values: 0.548761 0.614872
logL: -2310.98
Running AI-REML algorithm ...
Iter.	logL	V(G)	V(e)	
1	-2220.15	0.68196	0.59214	
2	-2206.28	0.80718	0.56701	
3	-2198.46	0.91536	0.54354	
4	-2194.26	1.00224	0.52394	
5	-2192.12	1.06810	0.50883	
6	-2191.06	1.11593	0.49779	
7	-2190.55	1.14963	0.49002	
8	-2190.32	1.22320	0.47318	
9	-2190.12	1.22032	0.47427	
10	-2190.12	1.22059	0.47418	
11	-2190.12	1.22057	0.47419	
Log-likelihood ratio converged.

Summary result of REML analysis:
Source	Variance	SE
V(G)	1.220566	0.140212
V(e)	0.474191	0.046359
Vp	1.694757	0.098881
V(G)/Vp	0.720201	0.042048

Sampling variance/covariance of the estimates of variance components:
1.965927e-02	-6.015540e-03	
-6.015540e-03	2.149188e-03	
Estimatesof fixed effects:

Source	Estimate	SE
mean	-0.049585	0.802534
X_2	0.082957	0.050004
X_3	-0.021943	0.034637
X_4	-0.012792	0.034599
X_5	-0.045282	0.033353
X_6	-0.014473	0.033172
X_7	-0.000586	0.033797
X_8	-0.058072	0.033308
X_9	-0.026513	0.033389
X_10	-0.024031	0.033103
X_11	-0.026394	0.031908

Summary result of REML analysis has been saved in the file [./rg30.hsq].

Analysis finished at 23:35:30 UTC on Thu Jul 06 2023
Computational time: 59.617676 second(s).
