*******************************************************************
* Genome-wide Complex Trait Analysis (GCTA)
* version 1.91.7 beta1
* (C) 2010-2018, The University of Queensland
* Please report bugs to: Jian Yang <jian.yang@uq.edu.au>
*******************************************************************
Analysis started at 23:36:35 UTC on Thu Jul 06 2023.
Hostname: r206u29n10

Accepted options:
--reml
--reml-no-lrt
--reml-no-constrain
--reml-est-fix
--pheno ./rg40.pheno
--out ./rg40
--thread-num 2
--grm ./rg40
--qcovar ./rg40.covar

Note: the program will be running on 2 threads.

Reading IDs of the GRM from [./rg40.grm.id].
13173 IDs read from [./rg40.grm.id].
Reading the GRM from [./rg40.grm.bin].
GRM for 13173 individuals are included from [./rg40.grm.bin].
Reading phenotypes from [./rg40.pheno].
Non-missing phenotypes of 4821 individuals are included from [./rg40.pheno].
Reading quantitative covariates from [./rg40.covar].
10 quantitative covariate(s) of 4821 individuals read from [./rg40.covar].

10 quantitative variable(s) included as covariate(s).
4821 individuals are in common in these files.

Performing  REML analysis ... (Note: may take hours depending on sample size).
4821 observations, 11 fixed effect(s), and 2 variance component(s)(including residual variance).
Calculating prior values of variance components by EM-REML ...
Updated prior values: 0.550185 0.617397
logL: -2320.19
Running AI-REML algorithm ...
Iter.	logL	V(G)	V(e)	
1	-2225.49	0.69693	0.59053	
2	-2210.03	0.83698	0.56097	
3	-2201.20	0.95910	0.53342	
4	-2196.42	1.05756	0.51051	
5	-2193.97	1.13216	0.49294	
6	-2192.77	1.18616	0.48021	
7	-2192.20	1.22400	0.47132	
8	-2191.94	1.30609	0.45223	
9	-2191.72	1.30159	0.45385	
10	-2191.72	1.30210	0.45369	
11	-2191.72	1.30204	0.45370	
Log-likelihood ratio converged.

Summary result of REML analysis:
Source	Variance	SE
V(G)	1.302043	0.146835
V(e)	0.453703	0.047764
Vp	1.755746	0.103917
V(G)/Vp	0.741589	0.041047

Sampling variance/covariance of the estimates of variance components:
2.156045e-02	-6.521498e-03	
-6.521498e-03	2.281365e-03	
Estimatesof fixed effects:

Source	Estimate	SE
mean	-0.068720	0.854919
X_2	0.083331	0.049882
X_3	-0.022453	0.034134
X_4	-0.010073	0.034098
X_5	-0.048294	0.032876
X_6	-0.015578	0.032697
X_7	-0.000084	0.033310
X_8	-0.059829	0.032834
X_9	-0.026206	0.032920
X_10	-0.024555	0.032619
X_11	-0.027227	0.031473

Summary result of REML analysis has been saved in the file [./rg40.hsq].

Analysis finished at 23:37:34 UTC on Thu Jul 06 2023
Computational time: 59.781017 second(s).
