*******************************************************************
* Genome-wide Complex Trait Analysis (GCTA)
* version 1.91.7 beta1
* (C) 2010-2018, The University of Queensland
* Please report bugs to: Jian Yang <jian.yang@uq.edu.au>
*******************************************************************
Analysis started at 23:38:39 UTC on Thu Jul 06 2023.
Hostname: r206u29n10

Accepted options:
--reml
--reml-no-lrt
--reml-no-constrain
--reml-est-fix
--pheno ./rg50.pheno
--out ./rg50
--thread-num 2
--grm ./rg50
--qcovar ./rg50.covar

Note: the program will be running on 2 threads.

Reading IDs of the GRM from [./rg50.grm.id].
13173 IDs read from [./rg50.grm.id].
Reading the GRM from [./rg50.grm.bin].
GRM for 13173 individuals are included from [./rg50.grm.bin].
Reading phenotypes from [./rg50.pheno].
Non-missing phenotypes of 4821 individuals are included from [./rg50.pheno].
Reading quantitative covariates from [./rg50.covar].
10 quantitative covariate(s) of 4821 individuals read from [./rg50.covar].

10 quantitative variable(s) included as covariate(s).
4821 individuals are in common in these files.

Performing  REML analysis ... (Note: may take hours depending on sample size).
4821 observations, 11 fixed effect(s), and 2 variance component(s)(including residual variance).
Calculating prior values of variance components by EM-REML ...
Updated prior values: 0.551688 0.620322
logL: -2331.21
Running AI-REML algorithm ...
Iter.	logL	V(G)	V(e)	
1	-2232.04	0.71366	0.58885	
2	-2214.77	0.87026	0.55443	
3	-2204.79	1.00779	0.52247	
4	-2199.38	1.11883	0.49605	
5	-2196.60	1.20273	0.47595	
6	-2195.25	1.26312	0.46151	
7	-2194.62	1.30515	0.45155	
8	-2194.33	1.39561	0.43036	
9	-2194.09	1.38906	0.43263	
10	-2194.09	1.38992	0.43235	
11	-2194.09	1.38981	0.43239	
Log-likelihood ratio converged.

Summary result of REML analysis:
Source	Variance	SE
V(G)	1.389812	0.153520
V(e)	0.432389	0.049118
Vp	1.822201	0.109085
V(G)/Vp	0.762711	0.039873

Sampling variance/covariance of the estimates of variance components:
2.356852e-02	-7.040786e-03	
-7.040786e-03	2.412586e-03	
Estimatesof fixed effects:

Source	Estimate	SE
mean	-0.089387	0.909128
X_2	0.083859	0.049712
X_3	-0.023054	0.033475
X_4	-0.006676	0.033442
X_5	-0.052102	0.032251
X_6	-0.016892	0.032075
X_7	0.000546	0.032672
X_8	-0.062035	0.032213
X_9	-0.025816	0.032306
X_10	-0.025165	0.031986
X_11	-0.028131	0.030902

Summary result of REML analysis has been saved in the file [./rg50.hsq].

Analysis finished at 23:39:39 UTC on Thu Jul 06 2023
Computational time: 59.584869 second(s).
