*******************************************************************
* Genome-wide Complex Trait Analysis (GCTA)
* version 1.91.7 beta1
* (C) 2010-2018, The University of Queensland
* Please report bugs to: Jian Yang <jian.yang@uq.edu.au>
*******************************************************************
Analysis started at 23:40:48 UTC on Thu Jul 06 2023.
Hostname: r206u29n10

Accepted options:
--reml
--reml-no-lrt
--reml-no-constrain
--reml-est-fix
--pheno ./rg60.pheno
--out ./rg60
--thread-num 2
--grm ./rg60
--qcovar ./rg60.covar

Note: the program will be running on 2 threads.

Reading IDs of the GRM from [./rg60.grm.id].
13173 IDs read from [./rg60.grm.id].
Reading the GRM from [./rg60.grm.bin].
GRM for 13173 individuals are included from [./rg60.grm.bin].
Reading phenotypes from [./rg60.pheno].
Non-missing phenotypes of 4821 individuals are included from [./rg60.pheno].
Reading quantitative covariates from [./rg60.covar].
10 quantitative covariate(s) of 4821 individuals read from [./rg60.covar].

10 quantitative variable(s) included as covariate(s).
4821 individuals are in common in these files.

Performing  REML analysis ... (Note: may take hours depending on sample size).
4821 observations, 11 fixed effect(s), and 2 variance component(s)(including residual variance).
Calculating prior values of variance components by EM-REML ...
Updated prior values: 0.553264 0.623782
logL: -2344.6
Running AI-REML algorithm ...
Iter.	logL	V(G)	V(e)	
1	-2240.15	0.73284	0.58706	
2	-2220.84	0.90823	0.54722	
3	-2209.59	1.06285	0.51048	
4	-2203.47	1.18744	0.48038	
5	-2200.35	1.28105	0.45774	
6	-2198.85	1.34789	0.44168	
7	-2198.15	1.39400	0.43072	
8	-2197.84	1.49236	0.40770	
9	-2197.59	1.48334	0.41073	
10	-2197.59	1.48472	0.41030	
11	-2197.59	1.48452	0.41036	
12	-2197.59	1.48455	0.41035	
Log-likelihood ratio converged.

Summary result of REML analysis:
Source	Variance	SE
V(G)	1.484549	0.160258
V(e)	0.410351	0.050410
Vp	1.894900	0.114386
V(G)/Vp	0.783444	0.038538

Sampling variance/covariance of the estimates of variance components:
2.568251e-02	-7.569727e-03	
-7.569727e-03	2.541122e-03	
Estimatesof fixed effects:

Source	Estimate	SE
mean	-0.111547	0.965244
X_2	0.084616	0.049468
X_3	-0.023766	0.032608
X_4	-0.002431	0.032576
X_5	-0.056912	0.031429
X_6	-0.018455	0.031256
X_7	0.001338	0.031831
X_8	-0.064781	0.031394
X_9	-0.025321	0.031494
X_10	-0.025870	0.031155
X_11	-0.029086	0.030148

Summary result of REML analysis has been saved in the file [./rg60.hsq].

Analysis finished at 23:41:52 UTC on Thu Jul 06 2023
Computational time: 1 minute 4 second(s).
