*******************************************************************
* Genome-wide Complex Trait Analysis (GCTA)
* version 1.91.7 beta1
* (C) 2010-2018, The University of Queensland
* Please report bugs to: Jian Yang <jian.yang@uq.edu.au>
*******************************************************************
Analysis started at 23:41:55 UTC on Thu Jul 06 2023.
Hostname: r206u29n10

Accepted options:
--reml
--reml-no-lrt
--reml-no-constrain
--reml-est-fix
--pheno ./rg65.pheno
--out ./rg65
--thread-num 2
--grm ./rg65
--qcovar ./rg65.covar

Note: the program will be running on 2 threads.

Reading IDs of the GRM from [./rg65.grm.id].
13173 IDs read from [./rg65.grm.id].
Reading the GRM from [./rg65.grm.bin].
GRM for 13173 individuals are included from [./rg65.grm.bin].
Reading phenotypes from [./rg65.pheno].
Non-missing phenotypes of 4821 individuals are included from [./rg65.pheno].
Reading quantitative covariates from [./rg65.covar].
10 quantitative covariate(s) of 4821 individuals read from [./rg65.covar].

10 quantitative variable(s) included as covariate(s).
4821 individuals are in common in these files.

Performing  REML analysis ... (Note: may take hours depending on sample size).
4821 observations, 11 fixed effect(s), and 2 variance component(s)(including residual variance).
Calculating prior values of variance components by EM-REML ...
Updated prior values: 0.554074 0.625774
logL: -2352.43
Running AI-REML algorithm ...
Iter.	logL	V(G)	V(e)	
1	-2244.94	0.74370	0.58609	
2	-2224.52	0.92955	0.54327	
3	-2212.58	1.09339	0.50400	
4	-2206.10	1.22509	0.47205	
5	-2202.81	1.32361	0.44816	
6	-2201.24	1.39363	0.43133	
7	-2200.51	1.44168	0.41993	
8	-2200.19	1.54367	0.39614	
9	-2199.93	1.53330	0.39958	
10	-2199.93	1.53501	0.39905	
11	-2199.93	1.53474	0.39913	
12	-2199.93	1.53478	0.39912	
Log-likelihood ratio converged.

Summary result of REML analysis:
Source	Variance	SE
V(G)	1.534780	0.163671
V(e)	0.399120	0.051034
Vp	1.933900	0.117109
V(G)/Vp	0.793619	0.037819

Sampling variance/covariance of the estimates of variance components:
2.678809e-02	-7.839069e-03	
-7.839069e-03	2.604498e-03	
Estimatesof fixed effects:

Source	Estimate	SE
mean	-0.123172	0.994109
X_2	0.085116	0.049304
X_3	-0.024170	0.032074
X_4	0.000071	0.032042
X_5	-0.059771	0.030922
X_6	-0.019345	0.030751
X_7	0.001807	0.031313
X_8	-0.066386	0.030889
X_9	-0.025025	0.030993
X_10	-0.026257	0.030643
X_11	-0.029572	0.029682

Summary result of REML analysis has been saved in the file [./rg65.hsq].

Analysis finished at 23:42:59 UTC on Thu Jul 06 2023
Computational time: 1 minute 4 second(s).
