*******************************************************************
* Genome-wide Complex Trait Analysis (GCTA)
* version 1.91.7 beta1
* (C) 2010-2018, The University of Queensland
* Please report bugs to: Jian Yang <jian.yang@uq.edu.au>
*******************************************************************
Analysis started at 23:47:28 UTC on Thu Jul 06 2023.
Hostname: r206u29n10

Accepted options:
--reml
--reml-no-lrt
--reml-no-constrain
--reml-est-fix
--pheno ./rg90.pheno
--out ./rg90
--thread-num 2
--grm ./rg90
--qcovar ./rg90.covar

Note: the program will be running on 2 threads.

Reading IDs of the GRM from [./rg90.grm.id].
13173 IDs read from [./rg90.grm.id].
Reading the GRM from [./rg90.grm.bin].
GRM for 13173 individuals are included from [./rg90.grm.bin].
Reading phenotypes from [./rg90.pheno].
Non-missing phenotypes of 4821 individuals are included from [./rg90.pheno].
Reading quantitative covariates from [./rg90.covar].
10 quantitative covariate(s) of 4821 individuals read from [./rg90.covar].

10 quantitative variable(s) included as covariate(s).
4821 individuals are in common in these files.

Performing  REML analysis ... (Note: may take hours depending on sample size).
4821 observations, 11 fixed effect(s), and 2 variance component(s)(including residual variance).
Calculating prior values of variance components by EM-REML ...
Updated prior values: 0.557916 0.640415
logL: -2409.91
Running AI-REML algorithm ...
Iter.	logL	V(G)	V(e)	
1	-2280.56	0.82191	0.57946	
2	-2254.11	1.07544	0.51839	
3	-2238.88	1.29132	0.46597	
4	-2230.89	1.45810	0.42578	
5	-2227.02	1.57822	0.39725	
6	-2225.23	1.66075	0.37803	
7	-2224.44	1.71574	0.36551	
8	-2224.10	1.82941	0.34028	
9	-2223.84	1.81277	0.34549	
10	-2223.84	1.81633	0.34442	
11	-2223.84	1.81560	0.34464	
12	-2223.84	1.81575	0.34459	
Log-likelihood ratio converged.

Summary result of REML analysis:
Source	Variance	SE
V(G)	1.815749	0.182385
V(e)	0.344593	0.054216
Vp	2.160343	0.132374
V(G)/Vp	0.840491	0.034101

Sampling variance/covariance of the estimates of variance components:
3.326438e-02	-9.340433e-03	
-9.340433e-03	2.939349e-03	
Estimatesof fixed effects:

Source	Estimate	SE
mean	-0.184366	1.146012
X_2	0.090286	0.047404
X_3	-0.026861	0.027654
X_4	0.018026	0.027595
X_5	-0.080604	0.026736
X_6	-0.025179	0.026581
X_7	0.005248	0.027024
X_8	-0.077341	0.026705
X_9	-0.022894	0.026824
X_10	-0.028440	0.026439
X_11	-0.031665	0.025808

Summary result of REML analysis has been saved in the file [./rg90.hsq].

Analysis finished at 23:48:33 UTC on Thu Jul 06 2023
Computational time: 1 minute 4 second(s).
