*******************************************************************
* Genome-wide Complex Trait Analysis (GCTA)
* version 1.91.7 beta1
* (C) 2010-2018, The University of Queensland
* Please report bugs to: Jian Yang <jian.yang@uq.edu.au>
*******************************************************************
Analysis started at 23:01:38 UTC on Fri Jun 23 2023.
Hostname: r105u04n03

Accepted options:
--reml
--reml-no-lrt
--reml-no-constrain
--reml-est-fix
--pheno ./rg20.pheno
--out ./rg20
--thread-num 2
--grm ./rg20
--qcovar ./rg20.covar

Note: the program will be running on 2 threads.

Reading IDs of the GRM from [./rg20.grm.id].
13173 IDs read from [./rg20.grm.id].
Reading the GRM from [./rg20.grm.bin].
GRM for 13173 individuals are included from [./rg20.grm.bin].
Reading phenotypes from [./rg20.pheno].
Non-missing phenotypes of 13134 individuals are included from [./rg20.pheno].
Reading quantitative covariates from [./rg20.covar].
11 quantitative covariate(s) of 13134 individuals read from [./rg20.covar].

11 quantitative variable(s) included as covariate(s).
13134 individuals are in common in these files.

Performing  REML analysis ... (Note: may take hours depending on sample size).
13134 observations, 12 fixed effect(s), and 2 variance component(s)(including residual variance).
Calculating prior values of variance components by EM-REML ...
Updated prior values:  0.49268 0.482369
logL: -3687.66
Running AI-REML algorithm ...
Iter.	logL	V(G)	V(e)	
1	-3681.69	0.46231	0.48825	
2	-3680.29	0.44064	0.49265	
3	-3679.58	0.42493	0.49599	
4	-3679.20	0.38837	0.50412	
5	-3678.78	0.38092	0.50663	
6	-3678.76	0.37900	0.50726	
7	-3678.76	0.37849	0.50743	
8	-3678.76	0.37836	0.50747	
9	-3678.76	0.37832	0.50748	
Log-likelihood ratio converged.

Summary result of REML analysis:
Source	Variance	SE
V(G)	0.378320	0.045539
V(e)	0.507484	0.016132
Vp	0.885804	0.032339
V(G)/Vp	0.427093	0.036465

Sampling variance/covariance of the estimates of variance components:
2.073790e-03	-6.441208e-04	
-6.441208e-04	2.602329e-04	
Estimatesof fixed effects:

Source	Estimate	SE
mean	-0.280782	0.429321
X_2	-0.960332	0.011373
X_3	0.034196	0.023836
X_4	-0.013803	0.018620
X_5	0.009412	0.018409
X_6	-0.021384	0.018009
X_7	-0.025275	0.017853
X_8	-0.006635	0.017964
X_9	-0.021761	0.017838
X_10	-0.000376	0.017927
X_11	0.012002	0.017718
X_12	-0.007881	0.017310

Summary result of REML analysis has been saved in the file [./rg20.hsq].

Analysis finished at 23:11:30 UTC on Fri Jun 23 2023
Computational time: 9 minutes 51 second(s).
