*******************************************************************
* Genome-wide Complex Trait Analysis (GCTA)
* version 1.91.7 beta1
* (C) 2010-2018, The University of Queensland
* Please report bugs to: Jian Yang <jian.yang@uq.edu.au>
*******************************************************************
Analysis started at 23:11:32 UTC on Fri Jun 23 2023.
Hostname: r105u04n03

Accepted options:
--reml
--reml-no-lrt
--reml-no-constrain
--reml-est-fix
--pheno ./rg25.pheno
--out ./rg25
--thread-num 2
--grm ./rg25
--qcovar ./rg25.covar

Note: the program will be running on 2 threads.

Reading IDs of the GRM from [./rg25.grm.id].
13173 IDs read from [./rg25.grm.id].
Reading the GRM from [./rg25.grm.bin].
GRM for 13173 individuals are included from [./rg25.grm.bin].
Reading phenotypes from [./rg25.pheno].
Non-missing phenotypes of 13134 individuals are included from [./rg25.pheno].
Reading quantitative covariates from [./rg25.covar].
11 quantitative covariate(s) of 13134 individuals read from [./rg25.covar].

11 quantitative variable(s) included as covariate(s).
13134 individuals are in common in these files.

Performing  REML analysis ... (Note: may take hours depending on sample size).
13134 observations, 12 fixed effect(s), and 2 variance component(s)(including residual variance).
Calculating prior values of variance components by EM-REML ...
Updated prior values: 0.492996 0.482459
logL: -3684
Running AI-REML algorithm ...
Iter.	logL	V(G)	V(e)	
1	-3678.16	0.46913	0.48637	
2	-3677.12	0.45205	0.48935	
3	-3676.61	0.43964	0.49165	
4	-3676.34	0.41079	0.49734	
5	-3676.06	0.40512	0.49923	
6	-3676.05	0.40372	0.49969	
7	-3676.05	0.40336	0.49980	
8	-3676.05	0.40327	0.49983	
9	-3676.05	0.40325	0.49984	
Log-likelihood ratio converged.

Summary result of REML analysis:
Source	Variance	SE
V(G)	0.403251	0.047081
V(e)	0.499838	0.016442
Vp	0.903090	0.033487
V(G)/Vp	0.446524	0.036228

Sampling variance/covariance of the estimates of variance components:
2.216612e-03	-6.827683e-04	
-6.827683e-04	2.703361e-04	
Estimatesof fixed effects:

Source	Estimate	SE
mean	-0.280778	0.450654
X_2	-0.960398	0.011370
X_3	0.033796	0.023845
X_4	-0.013701	0.018691
X_5	0.009339	0.018478
X_6	-0.021355	0.018077
X_7	-0.025279	0.017917
X_8	-0.006721	0.018032
X_9	-0.021628	0.017905
X_10	-0.000306	0.017993
X_11	0.011805	0.017783
X_12	-0.007804	0.017372

Summary result of REML analysis has been saved in the file [./rg25.hsq].

Analysis finished at 23:21:31 UTC on Fri Jun 23 2023
Computational time: 9 minutes 58 second(s).
