*******************************************************************
* Genome-wide Complex Trait Analysis (GCTA)
* version 1.91.7 beta1
* (C) 2010-2018, The University of Queensland
* Please report bugs to: Jian Yang <jian.yang@uq.edu.au>
*******************************************************************
Analysis started at 23:30:40 UTC on Fri Jun 23 2023.
Hostname: r105u04n03

Accepted options:
--reml
--reml-no-lrt
--reml-no-constrain
--reml-est-fix
--pheno ./rg35.pheno
--out ./rg35
--thread-num 2
--grm ./rg35
--qcovar ./rg35.covar

Note: the program will be running on 2 threads.

Reading IDs of the GRM from [./rg35.grm.id].
13173 IDs read from [./rg35.grm.id].
Reading the GRM from [./rg35.grm.bin].
GRM for 13173 individuals are included from [./rg35.grm.bin].
Reading phenotypes from [./rg35.pheno].
Non-missing phenotypes of 13134 individuals are included from [./rg35.pheno].
Reading quantitative covariates from [./rg35.covar].
11 quantitative covariate(s) of 13134 individuals read from [./rg35.covar].

11 quantitative variable(s) included as covariate(s).
13134 individuals are in common in these files.

Performing  REML analysis ... (Note: may take hours depending on sample size).
13134 observations, 12 fixed effect(s), and 2 variance component(s)(including residual variance).
Calculating prior values of variance components by EM-REML ...
Updated prior values: 0.493648 0.482692
logL: -3676.86
Running AI-REML algorithm ...
Iter.	logL	V(G)	V(e)	
1	-3671.32	0.48290	0.48265	
2	-3670.75	0.47522	0.48276	
3	-3670.48	0.45768	0.48335	
4	-3670.23	0.45503	0.48425	
5	-3670.23	0.45444	0.48444	
6	-3670.23	0.45431	0.48448	
7	-3670.23	0.45428	0.48449	
Log-likelihood ratio converged.

Summary result of REML analysis:
Source	Variance	SE
V(G)	0.454277	0.049865
V(e)	0.484487	0.016966
Vp	0.938764	0.035611
V(G)/Vp	0.483909	0.035423

Sampling variance/covariance of the estimates of variance components:
2.486520e-03	-7.530971e-04	
-7.530971e-04	2.878291e-04	
Estimatesof fixed effects:

Source	Estimate	SE
mean	-0.280090	0.493586
X_2	-0.960526	0.011364
X_3	0.032950	0.023850
X_4	-0.013529	0.018752
X_5	0.009087	0.018536
X_6	-0.021141	0.018134
X_7	-0.025054	0.017970
X_8	-0.007019	0.018090
X_9	-0.021378	0.017960
X_10	-0.000167	0.018051
X_11	0.011511	0.017837
X_12	-0.007569	0.017424

Summary result of REML analysis has been saved in the file [./rg35.hsq].

Analysis finished at 23:38:37 UTC on Fri Jun 23 2023
Computational time: 7 minutes 57 second(s).
