*******************************************************************
* Genome-wide Complex Trait Analysis (GCTA)
* version 1.91.7 beta1
* (C) 2010-2018, The University of Queensland
* Please report bugs to: Jian Yang <jian.yang@uq.edu.au>
*******************************************************************
Analysis started at 23:52:45 UTC on Fri Jun 23 2023.
Hostname: r105u04n03

Accepted options:
--reml
--reml-no-lrt
--reml-no-constrain
--reml-est-fix
--pheno ./rg50.pheno
--out ./rg50
--thread-num 2
--grm ./rg50
--qcovar ./rg50.covar

Note: the program will be running on 2 threads.

Reading IDs of the GRM from [./rg50.grm.id].
13173 IDs read from [./rg50.grm.id].
Reading the GRM from [./rg50.grm.bin].
GRM for 13173 individuals are included from [./rg50.grm.bin].
Reading phenotypes from [./rg50.pheno].
Non-missing phenotypes of 13134 individuals are included from [./rg50.pheno].
Reading quantitative covariates from [./rg50.covar].
11 quantitative covariate(s) of 13134 individuals read from [./rg50.covar].

11 quantitative variable(s) included as covariate(s).
13134 individuals are in common in these files.

Performing  REML analysis ... (Note: may take hours depending on sample size).
13134 observations, 12 fixed effect(s), and 2 variance component(s)(including residual variance).
Calculating prior values of variance components by EM-REML ...
Updated prior values: 0.494694 0.483199
logL: -3666.84
Running AI-REML algorithm ...
Iter.	logL	V(G)	V(e)	
1	-3661.80	0.50391	0.47723	
2	-3661.27	0.51081	0.47299	
3	-3661.01	0.52716	0.46342	
4	-3660.77	0.53051	0.46242	
5	-3660.77	0.53107	0.46224	
6	-3660.77	0.53117	0.46221	
7	-3660.77	0.53118	0.46221	
Log-likelihood ratio converged.

Summary result of REML analysis:
Source	Variance	SE
V(G)	0.531182	0.053230
V(e)	0.462205	0.017496
Vp	0.993387	0.038302
V(G)/Vp	0.534718	0.033645

Sampling variance/covariance of the estimates of variance components:
2.833428e-03	-8.362545e-04	
-8.362545e-04	3.061067e-04	
Estimatesof fixed effects:

Source	Estimate	SE
mean	-0.277903	0.557225
X_2	-0.960709	0.011355
X_3	0.031574	0.023819
X_4	-0.013374	0.018598
X_5	0.008427	0.018383
X_6	-0.020349	0.017986
X_7	-0.024043	0.017818
X_8	-0.007809	0.017941
X_9	-0.021071	0.017808
X_10	0.000023	0.017907
X_11	0.011378	0.017682
X_12	-0.006997	0.017278

Summary result of REML analysis has been saved in the file [./rg50.hsq].

Analysis finished at 00:00:51 UTC on Sat Jun 24 2023
Computational time: 8 minutes 5 second(s).
