*******************************************************************
* Genome-wide Complex Trait Analysis (GCTA)
* version 1.91.7 beta1
* (C) 2010-2018, The University of Queensland
* Please report bugs to: Jian Yang <jian.yang@uq.edu.au>
*******************************************************************
Analysis started at 00:17:01 UTC on Sat Jun 24 2023.
Hostname: r105u04n03

Accepted options:
--reml
--reml-no-lrt
--reml-no-constrain
--reml-est-fix
--pheno ./rg65.pheno
--out ./rg65
--thread-num 2
--grm ./rg65
--qcovar ./rg65.covar

Note: the program will be running on 2 threads.

Reading IDs of the GRM from [./rg65.grm.id].
13173 IDs read from [./rg65.grm.id].
Reading the GRM from [./rg65.grm.bin].
GRM for 13173 individuals are included from [./rg65.grm.bin].
Reading phenotypes from [./rg65.pheno].
Non-missing phenotypes of 13134 individuals are included from [./rg65.pheno].
Reading quantitative covariates from [./rg65.covar].
11 quantitative covariate(s) of 13134 individuals read from [./rg65.covar].

11 quantitative variable(s) included as covariate(s).
13134 individuals are in common in these files.

Performing  REML analysis ... (Note: may take hours depending on sample size).
13134 observations, 12 fixed effect(s), and 2 variance component(s)(including residual variance).
Calculating prior values of variance components by EM-REML ...
Updated prior values: 0.495856 0.483946
logL: -3658.13
Running AI-REML algorithm ...
Iter.	logL	V(G)	V(e)	
1	-3653.69	0.52556	0.47204	
2	-3652.39	0.54753	0.46345	
3	-3651.73	0.56365	0.45728	
4	-3651.39	0.60088	0.44327	
5	-3651.04	0.60570	0.44186	
6	-3651.04	0.60623	0.44169	
7	-3651.04	0.60629	0.44168	
Log-likelihood ratio converged.

Summary result of REML analysis:
Source	Variance	SE
V(G)	0.606294	0.055703
V(e)	0.441676	0.017744
Vp	1.047970	0.040438
V(G)/Vp	0.578541	0.031520

Sampling variance/covariance of the estimates of variance components:
3.102813e-03	-8.912172e-04	
-8.912172e-04	3.148476e-04	
Estimatesof fixed effects:

Source	Estimate	SE
mean	-0.276277	0.618901
X_2	-0.960895	0.011348
X_3	0.029971	0.023724
X_4	-0.013363	0.018069
X_5	0.007390	0.017864
X_6	-0.018861	0.017482
X_7	-0.022067	0.017317
X_8	-0.009059	0.017435
X_9	-0.020904	0.017300
X_10	0.000155	0.017414
X_11	0.011684	0.017171
X_12	-0.006123	0.016794

Summary result of REML analysis has been saved in the file [./rg65.hsq].

Analysis finished at 00:24:46 UTC on Sat Jun 24 2023
Computational time: 7 minutes 45 second(s).
