*******************************************************************
* Genome-wide Complex Trait Analysis (GCTA)
* version 1.91.7 beta1
* (C) 2010-2018, The University of Queensland
* Please report bugs to: Jian Yang <jian.yang@uq.edu.au>
*******************************************************************
Analysis started at 01:09:58 UTC on Sat Jun 24 2023.
Hostname: r105u04n03

Accepted options:
--reml
--reml-no-lrt
--reml-no-constrain
--reml-est-fix
--pheno ./rg95.pheno
--out ./rg95
--thread-num 2
--grm ./rg95
--qcovar ./rg95.covar

Note: the program will be running on 2 threads.

Reading IDs of the GRM from [./rg95.grm.id].
13173 IDs read from [./rg95.grm.id].
Reading the GRM from [./rg95.grm.bin].
GRM for 13173 individuals are included from [./rg95.grm.bin].
Reading phenotypes from [./rg95.pheno].
Non-missing phenotypes of 13134 individuals are included from [./rg95.pheno].
Reading quantitative covariates from [./rg95.covar].
11 quantitative covariate(s) of 13134 individuals read from [./rg95.covar].

11 quantitative variable(s) included as covariate(s).
13134 individuals are in common in these files.

Performing  REML analysis ... (Note: may take hours depending on sample size).
13134 observations, 12 fixed effect(s), and 2 variance component(s)(including residual variance).
Calculating prior values of variance components by EM-REML ...
Updated prior values: 0.498833 0.486886
logL: -3652.38
Running AI-REML algorithm ...
Iter.	logL	V(G)	V(e)	
1	-3649.56	0.57390	0.46258	
2	-3643.83	0.62838	0.44536	
3	-3641.04	0.66699	0.43335	
4	-3639.71	0.69399	0.42504	
5	-3639.08	0.71273	0.41931	
6	-3638.78	0.75367	0.40686	
7	-3638.52	0.75399	0.40682	
8	-3638.52	0.75398	0.40682	
Log-likelihood ratio converged.

Summary result of REML analysis:
Source	Variance	SE
V(G)	0.753985	0.058923
V(e)	0.406822	0.017605
Vp	1.160807	0.043725
V(G)/Vp	0.649535	0.027008

Sampling variance/covariance of the estimates of variance components:
3.471906e-03	-9.349791e-04	
-9.349791e-04	3.099291e-04	
Estimatesof fixed effects:

Source	Estimate	SE
mean	-0.308156	0.737381
X_2	-0.961522	0.011341
X_3	0.023458	0.022931
X_4	-0.013852	0.014933
X_5	0.003715	0.014770
X_6	-0.012631	0.014494
X_7	-0.013473	0.014363
X_8	-0.013531	0.014439
X_9	-0.021403	0.014319
X_10	-0.000523	0.014456
X_11	0.014197	0.014187
X_12	-0.002573	0.013952

Summary result of REML analysis has been saved in the file [./rg95.hsq].

Analysis finished at 01:19:13 UTC on Sat Jun 24 2023
Computational time: 9 minutes 14 second(s).
