*******************************************************************
* Genome-wide Complex Trait Analysis (GCTA)
* version 1.91.7 beta1
* (C) 2010-2018, The University of Queensland
* Please report bugs to: Jian Yang <jian.yang@uq.edu.au>
*******************************************************************
Analysis started at 04:35:49 UTC on Fri Jul 07 2023.
Hostname: r205u07n08

Accepted options:
--reml
--reml-no-lrt
--reml-no-constrain
--reml-est-fix
--pheno ./rg100.pheno
--out ./rg100
--thread-num 2
--grm ./rg100
--qcovar ./rg100.covar

Note: the program will be running on 2 threads.

Reading IDs of the GRM from [./rg100.grm.id].
13173 IDs read from [./rg100.grm.id].
Reading the GRM from [./rg100.grm.bin].
GRM for 13173 individuals are included from [./rg100.grm.bin].
Reading phenotypes from [./rg100.pheno].
Non-missing phenotypes of 13096 individuals are included from [./rg100.pheno].
Reading quantitative covariates from [./rg100.covar].
11 quantitative covariate(s) of 13096 individuals read from [./rg100.covar].

11 quantitative variable(s) included as covariate(s).
13096 individuals are in common in these files.

Performing  REML analysis ... (Note: may take hours depending on sample size).
13096 observations, 12 fixed effect(s), and 2 variance component(s)(including residual variance).
Calculating prior values of variance components by EM-REML ...
Updated prior values: 0.553102 0.683286
logL: -6896.89
Running AI-REML algorithm ...
Iter.	logL	V(G)	V(e)	
1	-6383.93	0.57938	0.70567	
2	-6359.26	0.59939	0.72223	
3	-6346.88	0.61419	0.73421	
4	-6340.79	0.62490	0.74274	
5	-6337.83	0.63252	0.74874	
6	-6336.41	0.63788	0.75293	
7	-6335.74	0.64162	0.75583	
8	-6335.42	0.64982	0.76217	
9	-6335.13	0.64991	0.76223	
10	-6335.13	0.64991	0.76223	
Log-likelihood ratio converged.

Summary result of REML analysis:
Source	Variance	SE
V(G)	0.649913	0.082636
V(e)	0.762227	0.026197
Vp	1.412140	0.060381
V(G)/Vp	0.460233	0.039403

Sampling variance/covariance of the estimates of variance components:
6.828752e-03	-1.934571e-03	
-1.934571e-03	6.862620e-04	
Estimatesof fixed effects:

Source	Estimate	SE
mean	-0.327847	0.701990
X_2	0.263677	0.014010
X_3	-0.002391	0.025967
X_4	0.028710	0.014207
X_5	-0.020682	0.014078
X_6	-0.001660	0.013865
X_7	-0.000795	0.013779
X_8	-0.008881	0.013809
X_9	-0.017899	0.013723
X_10	-0.015327	0.013838
X_11	0.000345	0.013607
X_12	-0.008446	0.013461

Summary result of REML analysis has been saved in the file [./rg100.hsq].

Analysis finished at 04:48:49 UTC on Fri Jul 07 2023
Computational time: 13 minutes 0 second(s).
