*******************************************************************
* Genome-wide Complex Trait Analysis (GCTA)
* version 1.91.7 beta1
* (C) 2010-2018, The University of Queensland
* Please report bugs to: Jian Yang <jian.yang@uq.edu.au>
*******************************************************************
Analysis started at 00:09:12 UTC on Fri Jul 07 2023.
Hostname: r205u07n08

Accepted options:
--reml
--reml-no-lrt
--reml-no-constrain
--reml-est-fix
--pheno ./rg15.pheno
--out ./rg15
--thread-num 2
--grm ./rg15
--qcovar ./rg15.covar

Note: the program will be running on 2 threads.

Reading IDs of the GRM from [./rg15.grm.id].
13173 IDs read from [./rg15.grm.id].
Reading the GRM from [./rg15.grm.bin].
GRM for 13173 individuals are included from [./rg15.grm.bin].
Reading phenotypes from [./rg15.pheno].
Non-missing phenotypes of 13096 individuals are included from [./rg15.pheno].
Reading quantitative covariates from [./rg15.covar].
11 quantitative covariate(s) of 13096 individuals read from [./rg15.covar].

11 quantitative variable(s) included as covariate(s).
13096 individuals are in common in these files.

Performing  REML analysis ... (Note: may take hours depending on sample size).
13096 observations, 12 fixed effect(s), and 2 variance component(s)(including residual variance).
Calculating prior values of variance components by EM-REML ...
Updated prior values: 0.547991 0.672147
logL: -6885.45
Running AI-REML algorithm ...
Iter.	logL	V(G)	V(e)	
1	-6425.46	0.43694	0.73592	
2	-6391.74	0.35445	0.78416	
3	-6373.63	0.29629	0.81917	
4	-6364.19	0.25627	0.84398	
5	-6359.37	0.22886	0.86138	
6	-6356.94	0.20996	0.87355	
7	-6355.72	0.19678	0.88207	
8	-6355.12	0.18750	0.88805	
9	-6354.81	0.16661	0.90135	
10	-6354.51	0.16409	0.90233	
11	-6354.50	0.16373	0.90246	
12	-6354.50	0.16367	0.90248	
Log-likelihood ratio converged.

Summary result of REML analysis:
Source	Variance	SE
V(G)	0.163670	0.036929
V(e)	0.902483	0.017239
Vp	1.066152	0.027147
V(G)/Vp	0.153514	0.031169

Sampling variance/covariance of the estimates of variance components:
1.363774e-03	-4.619926e-04	
-4.619926e-04	2.971939e-04	
Estimatesof fixed effects:

Source	Estimate	SE
mean	-0.235841	0.284239
X_2	0.261680	0.014018
X_3	0.007766	0.027384
X_4	0.030968	0.016161
X_5	-0.022370	0.016050
X_6	-0.001060	0.015731
X_7	-0.000356	0.015633
X_8	-0.008458	0.015670
X_9	-0.011195	0.015578
X_10	-0.010253	0.015707
X_11	0.004194	0.015467
X_12	-0.009462	0.015233

Summary result of REML analysis has been saved in the file [./rg15.hsq].

Analysis finished at 00:25:03 UTC on Fri Jul 07 2023
Computational time: 15 minutes 50 second(s).
