*******************************************************************
* Genome-wide Complex Trait Analysis (GCTA)
* version 1.91.7 beta1
* (C) 2010-2018, The University of Queensland
* Please report bugs to: Jian Yang <jian.yang@uq.edu.au>
*******************************************************************
Analysis started at 00:56:50 UTC on Fri Jul 07 2023.
Hostname: r205u07n08

Accepted options:
--reml
--reml-no-lrt
--reml-no-constrain
--reml-est-fix
--pheno ./rg30.pheno
--out ./rg30
--thread-num 2
--grm ./rg30
--qcovar ./rg30.covar

Note: the program will be running on 2 threads.

Reading IDs of the GRM from [./rg30.grm.id].
13173 IDs read from [./rg30.grm.id].
Reading the GRM from [./rg30.grm.bin].
GRM for 13173 individuals are included from [./rg30.grm.bin].
Reading phenotypes from [./rg30.pheno].
Non-missing phenotypes of 13096 individuals are included from [./rg30.pheno].
Reading quantitative covariates from [./rg30.covar].
11 quantitative covariate(s) of 13096 individuals read from [./rg30.covar].

11 quantitative variable(s) included as covariate(s).
13096 individuals are in common in these files.

Performing  REML analysis ... (Note: may take hours depending on sample size).
13096 observations, 12 fixed effect(s), and 2 variance component(s)(including residual variance).
Calculating prior values of variance components by EM-REML ...
Updated prior values: 0.548813 0.672985
logL: -6880.25
Running AI-REML algorithm ...
Iter.	logL	V(G)	V(e)	
1	-6415.85	0.45901	0.73016	
2	-6385.37	0.39006	0.77394	
3	-6369.25	0.33936	0.80632	
4	-6360.91	0.30290	0.82975	
5	-6356.66	0.27688	0.84650	
6	-6354.52	0.25830	0.85841	
7	-6353.44	0.24497	0.86686	
8	-6352.90	0.23535	0.87285	
9	-6352.63	0.21328	0.88634	
10	-6352.35	0.20989	0.88759	
11	-6352.35	0.20932	0.88779	
12	-6352.35	0.20922	0.88782	
13	-6352.35	0.20920	0.88783	
Log-likelihood ratio converged.

Summary result of REML analysis:
Source	Variance	SE
V(G)	0.209204	0.044356
V(e)	0.887827	0.018830
Vp	1.097031	0.031997
V(G)/Vp	0.190700	0.035326

Sampling variance/covariance of the estimates of variance components:
1.967431e-03	-6.491037e-04	
-6.491037e-04	3.545837e-04	
Estimatesof fixed effects:

Source	Estimate	SE
mean	-0.246469	0.336622
X_2	0.261886	0.014017
X_3	0.009388	0.027598
X_4	0.031005	0.016591
X_5	-0.022223	0.016470
X_6	-0.000487	0.016140
X_7	-0.000120	0.016036
X_8	-0.007839	0.016077
X_9	-0.010643	0.015980
X_10	-0.010116	0.016112
X_11	0.004187	0.015864
X_12	-0.009495	0.015617

Summary result of REML analysis has been saved in the file [./rg30.hsq].

Analysis finished at 01:13:52 UTC on Fri Jul 07 2023
Computational time: 17 minutes 2 second(s).
