*******************************************************************
* Genome-wide Complex Trait Analysis (GCTA)
* version 1.91.7 beta1
* (C) 2010-2018, The University of Queensland
* Please report bugs to: Jian Yang <jian.yang@uq.edu.au>
*******************************************************************
Analysis started at 01:13:55 UTC on Fri Jul 07 2023.
Hostname: r205u07n08

Accepted options:
--reml
--reml-no-lrt
--reml-no-constrain
--reml-est-fix
--pheno ./rg35.pheno
--out ./rg35
--thread-num 2
--grm ./rg35
--qcovar ./rg35.covar

Note: the program will be running on 2 threads.

Reading IDs of the GRM from [./rg35.grm.id].
13173 IDs read from [./rg35.grm.id].
Reading the GRM from [./rg35.grm.bin].
GRM for 13173 individuals are included from [./rg35.grm.bin].
Reading phenotypes from [./rg35.pheno].
Non-missing phenotypes of 13096 individuals are included from [./rg35.pheno].
Reading quantitative covariates from [./rg35.covar].
11 quantitative covariate(s) of 13096 individuals read from [./rg35.covar].

11 quantitative variable(s) included as covariate(s).
13096 individuals are in common in these files.

Performing  REML analysis ... (Note: may take hours depending on sample size).
13096 observations, 12 fixed effect(s), and 2 variance component(s)(including residual variance).
Calculating prior values of variance components by EM-REML ...
Updated prior values: 0.549088 0.673329
logL: -6878.85
Running AI-REML algorithm ...
Iter.	logL	V(G)	V(e)	
1	-6412.71	0.46666	0.72822	
2	-6383.17	0.40270	0.77038	
3	-6367.64	0.35507	0.80171	
4	-6359.64	0.32037	0.82449	
5	-6355.57	0.29532	0.84087	
6	-6353.53	0.27724	0.85256	
7	-6352.50	0.26416	0.86088	
8	-6351.99	0.25466	0.86681	
9	-6351.73	0.23273	0.88018	
10	-6351.47	0.22915	0.88147	
11	-6351.47	0.22854	0.88168	
12	-6351.47	0.22843	0.88172	
13	-6351.47	0.22841	0.88173	
Log-likelihood ratio converged.

Summary result of REML analysis:
Source	Variance	SE
V(G)	0.228412	0.047202
V(e)	0.881728	0.019453
Vp	1.110140	0.033908
V(G)/Vp	0.205751	0.036696

Sampling variance/covariance of the estimates of variance components:
2.228012e-03	-7.283180e-04	
-7.283180e-04	3.784011e-04	
Estimatesof fixed effects:

Source	Estimate	SE
mean	-0.250500	0.356887
X_2	0.261970	0.014016
X_3	0.009916	0.027667
X_4	0.031012	0.016739
X_5	-0.022162	0.016614
X_6	-0.000278	0.016280
X_7	-0.000034	0.016174
X_8	-0.007610	0.016216
X_9	-0.010471	0.016118
X_10	-0.010094	0.016252
X_11	0.004168	0.016000
X_12	-0.009497	0.015748

Summary result of REML analysis has been saved in the file [./rg35.hsq].

Analysis finished at 01:30:56 UTC on Fri Jul 07 2023
Computational time: 17 minutes 1 second(s).
