*******************************************************************
* Genome-wide Complex Trait Analysis (GCTA)
* version 1.91.7 beta1
* (C) 2010-2018, The University of Queensland
* Please report bugs to: Jian Yang <jian.yang@uq.edu.au>
*******************************************************************
Analysis started at 02:52:59 UTC on Fri Jul 07 2023.
Hostname: r205u07n08

Accepted options:
--reml
--reml-no-lrt
--reml-no-constrain
--reml-est-fix
--pheno ./rg65.pheno
--out ./rg65
--thread-num 2
--grm ./rg65
--qcovar ./rg65.covar

Note: the program will be running on 2 threads.

Reading IDs of the GRM from [./rg65.grm.id].
13173 IDs read from [./rg65.grm.id].
Reading the GRM from [./rg65.grm.bin].
GRM for 13173 individuals are included from [./rg65.grm.bin].
Reading phenotypes from [./rg65.pheno].
Non-missing phenotypes of 13096 individuals are included from [./rg65.pheno].
Reading quantitative covariates from [./rg65.covar].
11 quantitative covariate(s) of 13096 individuals read from [./rg65.covar].

11 quantitative variable(s) included as covariate(s).
13096 individuals are in common in these files.

Performing  REML analysis ... (Note: may take hours depending on sample size).
13096 observations, 12 fixed effect(s), and 2 variance component(s)(including residual variance).
Calculating prior values of variance components by EM-REML ...
Updated prior values: 0.550802 0.676243
logL: -6875.29
Running AI-REML algorithm ...
Iter.	logL	V(G)	V(e)	
1	-6395.01	0.51573	0.71662	
2	-6369.56	0.48659	0.74775	
3	-6356.62	0.46346	0.77107	
4	-6350.17	0.44562	0.78820	
5	-6346.99	0.43212	0.80060	
6	-6345.45	0.42201	0.80950	
7	-6344.70	0.41451	0.81583	
8	-6344.34	0.39694	0.83008	
9	-6344.00	0.39401	0.83111	
10	-6344.00	0.39361	0.83124	
11	-6344.00	0.39356	0.83126	
Log-likelihood ratio converged.

Summary result of REML analysis:
Source	Variance	SE
V(G)	0.393559	0.065897
V(e)	0.831261	0.023468
Vp	1.224820	0.047119
V(G)/Vp	0.321320	0.041949

Sampling variance/covariance of the estimates of variance components:
4.342476e-03	-1.336521e-03	
-1.336521e-03	5.507626e-04	
Estimatesof fixed effects:

Source	Estimate	SE
mean	-0.278602	0.506731
X_2	0.262658	0.014011
X_3	0.011630	0.027887
X_4	0.030863	0.017236
X_5	-0.021662	0.017094
X_6	0.000672	0.016752
X_7	0.000346	0.016632
X_8	-0.006551	0.016684
X_9	-0.010538	0.016578
X_10	-0.010759	0.016718
X_11	0.003530	0.016449
X_12	-0.009330	0.016185

Summary result of REML analysis has been saved in the file [./rg65.hsq].

Analysis finished at 03:09:14 UTC on Fri Jul 07 2023
Computational time: 16 minutes 14 second(s).
