*******************************************************************
* Genome-wide Complex Trait Analysis (GCTA)
* version 1.91.7 beta1
* (C) 2010-2018, The University of Queensland
* Please report bugs to: Jian Yang <jian.yang@uq.edu.au>
*******************************************************************
Analysis started at 03:25:35 UTC on Fri Jul 07 2023.
Hostname: r205u07n08

Accepted options:
--reml
--reml-no-lrt
--reml-no-constrain
--reml-est-fix
--pheno ./rg75.pheno
--out ./rg75
--thread-num 2
--grm ./rg75
--qcovar ./rg75.covar

Note: the program will be running on 2 threads.

Reading IDs of the GRM from [./rg75.grm.id].
13173 IDs read from [./rg75.grm.id].
Reading the GRM from [./rg75.grm.bin].
GRM for 13173 individuals are included from [./rg75.grm.bin].
Reading phenotypes from [./rg75.pheno].
Non-missing phenotypes of 13096 individuals are included from [./rg75.pheno].
Reading quantitative covariates from [./rg75.covar].
11 quantitative covariate(s) of 13096 individuals read from [./rg75.covar].

11 quantitative variable(s) included as covariate(s).
13096 individuals are in common in these files.

Performing  REML analysis ... (Note: may take hours depending on sample size).
13096 observations, 12 fixed effect(s), and 2 variance component(s)(including residual variance).
Calculating prior values of variance components by EM-REML ...
Updated prior values: 0.551419 0.677652
logL: -6876.9
Running AI-REML algorithm ...
Iter.	logL	V(G)	V(e)	
1	-6389.98	0.53342	0.71290	
2	-6365.23	0.51771	0.73991	
3	-6352.75	0.50482	0.76005	
4	-6346.57	0.49466	0.77475	
5	-6343.55	0.48688	0.78533	
6	-6342.10	0.48101	0.79287	
7	-6341.40	0.47664	0.79819	
8	-6341.07	0.46643	0.81005	
9	-6340.77	0.46488	0.81063	
10	-6340.77	0.46472	0.81068	
11	-6340.77	0.46471	0.81068	
Log-likelihood ratio converged.

Summary result of REML analysis:
Source	Variance	SE
V(G)	0.464707	0.071509
V(e)	0.810680	0.024548
Vp	1.275387	0.051350
V(G)/Vp	0.364365	0.041926

Sampling variance/covariance of the estimates of variance components:
5.113558e-03	-1.539644e-03	
-1.539644e-03	6.025982e-04	
Estimatesof fixed effects:

Source	Estimate	SE
mean	-0.289097	0.563528
X_2	0.262940	0.014010
X_3	0.010884	0.027786
X_4	0.030640	0.017004
X_5	-0.021459	0.016860
X_6	0.000575	0.016530
X_7	0.000295	0.016409
X_8	-0.006660	0.016462
X_9	-0.011510	0.016355
X_10	-0.011549	0.016497
X_11	0.002962	0.016225
X_12	-0.009184	0.015973

Summary result of REML analysis has been saved in the file [./rg75.hsq].

Analysis finished at 03:41:52 UTC on Fri Jul 07 2023
Computational time: 16 minutes 16 second(s).
