*******************************************************************
* Genome-wide Complex Trait Analysis (GCTA)
* version 1.91.7 beta1
* (C) 2010-2018, The University of Queensland
* Please report bugs to: Jian Yang <jian.yang@uq.edu.au>
*******************************************************************
Analysis started at 04:09:44 UTC on Fri Jul 07 2023.
Hostname: r205u07n08

Accepted options:
--reml
--reml-no-lrt
--reml-no-constrain
--reml-est-fix
--pheno ./rg90.pheno
--out ./rg90
--thread-num 2
--grm ./rg90
--qcovar ./rg90.covar

Note: the program will be running on 2 threads.

Reading IDs of the GRM from [./rg90.grm.id].
13173 IDs read from [./rg90.grm.id].
Reading the GRM from [./rg90.grm.bin].
GRM for 13173 individuals are included from [./rg90.grm.bin].
Reading phenotypes from [./rg90.pheno].
Non-missing phenotypes of 13096 individuals are included from [./rg90.pheno].
Reading quantitative covariates from [./rg90.covar].
11 quantitative covariate(s) of 13096 individuals read from [./rg90.covar].

11 quantitative variable(s) included as covariate(s).
13096 individuals are in common in these files.

Performing  REML analysis ... (Note: may take hours depending on sample size).
13096 observations, 12 fixed effect(s), and 2 variance component(s)(including residual variance).
Calculating prior values of variance components by EM-REML ...
Updated prior values: 0.552416 0.680485
logL: -6884.6
Running AI-REML algorithm ...
Iter.	logL	V(G)	V(e)	
1	-6384.47	0.56125	0.70784	
2	-6360.07	0.56711	0.72843	
3	-6347.82	0.57097	0.74354	
4	-6341.79	0.57348	0.75442	
5	-6338.87	0.57511	0.76214	
6	-6337.46	0.57616	0.76756	
7	-6336.79	0.57685	0.77134	
8	-6336.48	0.57825	0.77963	
9	-6336.20	0.57810	0.77976	
10	-6336.20	0.57809	0.77976	
Log-likelihood ratio converged.

Summary result of REML analysis:
Source	Variance	SE
V(G)	0.578091	0.078598
V(e)	0.779760	0.025696
Vp	1.357852	0.056982
V(G)/Vp	0.425740	0.040571

Sampling variance/covariance of the estimates of variance components:
6.177601e-03	-1.795478e-03	
-1.795478e-03	6.602989e-04	
Estimatesof fixed effects:

Source	Estimate	SE
mean	-0.308019	0.649100
X_2	0.263385	0.014008
X_3	0.006537	0.027198
X_4	0.029861	0.015868
X_5	-0.021091	0.015729
X_6	-0.000344	0.015447
X_7	-0.000144	0.015335
X_8	-0.007651	0.015383
X_9	-0.014539	0.015282
X_10	-0.013522	0.015418
X_11	0.001606	0.015155
X_12	-0.008836	0.014948

Summary result of REML analysis has been saved in the file [./rg90.hsq].

Analysis finished at 04:22:44 UTC on Fri Jul 07 2023
Computational time: 13 minutes 0 second(s).
