*******************************************************************
* Genome-wide Complex Trait Analysis (GCTA)
* version 1.91.7 beta1
* (C) 2010-2018, The University of Queensland
* Please report bugs to: Jian Yang <jian.yang@uq.edu.au>
*******************************************************************
Analysis started at 23:46:24 UTC on Thu Jul 06 2023.
Hostname: r205u01n04

Accepted options:
--reml
--reml-no-lrt
--reml-no-constrain
--reml-est-fix
--pheno ./rg100.pheno
--out ./rg100
--thread-num 2
--grm ./rg100
--qcovar ./rg100.covar

Note: the program will be running on 2 threads.

Reading IDs of the GRM from [./rg100.grm.id].
13173 IDs read from [./rg100.grm.id].
Reading the GRM from [./rg100.grm.bin].
GRM for 13173 individuals are included from [./rg100.grm.bin].
Reading phenotypes from [./rg100.pheno].
Non-missing phenotypes of 4804 individuals are included from [./rg100.pheno].
Reading quantitative covariates from [./rg100.covar].
10 quantitative covariate(s) of 4804 individuals read from [./rg100.covar].

10 quantitative variable(s) included as covariate(s).
4804 individuals are in common in these files.

Performing  REML analysis ... (Note: may take hours depending on sample size).
4804 observations, 11 fixed effect(s), and 2 variance component(s)(including residual variance).
Calculating prior values of variance components by EM-REML ...
Updated prior values: 0.559945 0.698498
logL: -2671.93
Running AI-REML algorithm ...
Iter.	logL	V(G)	V(e)	
1	-2451.72	0.58180	0.72552	
2	-2440.93	0.59822	0.74580	
3	-2435.49	0.61024	0.76065	
4	-2432.79	0.61886	0.77130	
5	-2431.48	0.62497	0.77885	
6	-2430.85	0.62925	0.78413	
7	-2430.55	0.63866	0.79577	
8	-2430.28	0.63880	0.79595	
9	-2430.28	0.63880	0.79595	
Log-likelihood ratio converged.

Summary result of REML analysis:
Source	Variance	SE
V(G)	0.638801	0.192512
V(e)	0.795946	0.061272
Vp	1.434747	0.136185
V(G)/Vp	0.445236	0.092599

Sampling variance/covariance of the estimates of variance components:
3.706098e-02	-1.113450e-02	
-1.113450e-02	3.754308e-03	
Estimatesof fixed effects:

Source	Estimate	SE
mean	-0.139897	0.709180
X_2	0.043294	0.036911
X_3	0.018882	0.018745
X_4	-0.002731	0.018708
X_5	0.021265	0.018412
X_6	-0.006757	0.018362
X_7	0.010119	0.018483
X_8	0.038649	0.018404
X_9	-0.022792	0.018470
X_10	0.024667	0.018267
X_11	-0.014654	0.018117

Summary result of REML analysis has been saved in the file [./rg100.hsq].

Analysis finished at 23:47:14 UTC on Thu Jul 06 2023
Computational time: 49.596535 second(s).
