*******************************************************************
* Genome-wide Complex Trait Analysis (GCTA)
* version 1.91.7 beta1
* (C) 2010-2018, The University of Queensland
* Please report bugs to: Jian Yang <jian.yang@uq.edu.au>
*******************************************************************
Analysis started at 23:32:59 UTC on Thu Jul 06 2023.
Hostname: r205u01n04

Accepted options:
--reml
--reml-no-lrt
--reml-no-constrain
--reml-est-fix
--pheno ./rg25.pheno
--out ./rg25
--thread-num 2
--grm ./rg25
--qcovar ./rg25.covar

Note: the program will be running on 2 threads.

Reading IDs of the GRM from [./rg25.grm.id].
13173 IDs read from [./rg25.grm.id].
Reading the GRM from [./rg25.grm.bin].
GRM for 13173 individuals are included from [./rg25.grm.bin].
Reading phenotypes from [./rg25.pheno].
Non-missing phenotypes of 4804 individuals are included from [./rg25.pheno].
Reading quantitative covariates from [./rg25.covar].
10 quantitative covariate(s) of 4804 individuals read from [./rg25.covar].

10 quantitative variable(s) included as covariate(s).
4804 individuals are in common in these files.

Performing  REML analysis ... (Note: may take hours depending on sample size).
4804 observations, 11 fixed effect(s), and 2 variance component(s)(including residual variance).
Calculating prior values of variance components by EM-REML ...
Updated prior values: 0.553885  0.67966
logL: -2640.13
Running AI-REML algorithm ...
Iter.	logL	V(G)	V(e)	
1	-2454.04	0.43928	0.74978	
2	-2440.37	0.36821	0.79813	
3	-2433.58	0.32390	0.83123	
4	-2430.28	0.29578	0.85388	
5	-2428.70	0.27762	0.86937	
6	-2427.95	0.26574	0.87995	
7	-2427.60	0.24094	0.90283	
8	-2427.29	0.24222	0.90262	
9	-2427.29	0.24218	0.90263	
10	-2427.29	0.24218	0.90263	
Log-likelihood ratio converged.

Summary result of REML analysis:
Source	Variance	SE
V(G)	0.242183	0.076549
V(e)	0.902632	0.033331
Vp	1.144815	0.053953
V(G)/Vp	0.211548	0.057741

Sampling variance/covariance of the estimates of variance components:
5.859702e-03	-2.029856e-03	
-2.029856e-03	1.110972e-03	
Estimatesof fixed effects:

Source	Estimate	SE
mean	-0.150294	0.365972
X_2	0.066114	0.044297
X_3	0.013550	0.022375
X_4	-0.004957	0.022394
X_5	0.024218	0.021780
X_6	-0.006511	0.021717
X_7	0.006548	0.021967
X_8	0.038755	0.021804
X_9	-0.023551	0.021874
X_10	0.022588	0.021610
X_11	-0.012205	0.021248

Summary result of REML analysis has been saved in the file [./rg25.hsq].

Analysis finished at 23:33:53 UTC on Thu Jul 06 2023
Computational time: 54.064873 second(s).
