*******************************************************************
* Genome-wide Complex Trait Analysis (GCTA)
* version 1.91.7 beta1
* (C) 2010-2018, The University of Queensland
* Please report bugs to: Jian Yang <jian.yang@uq.edu.au>
*******************************************************************
Analysis started at 23:29:12 UTC on Thu Jul 06 2023.
Hostname: r205u01n04

Accepted options:
--reml
--reml-no-lrt
--reml-no-constrain
--reml-est-fix
--pheno ./rg5.pheno
--out ./rg5
--thread-num 2
--grm ./rg5
--qcovar ./rg5.covar

Note: the program will be running on 2 threads.

Reading IDs of the GRM from [./rg5.grm.id].
13173 IDs read from [./rg5.grm.id].
Reading the GRM from [./rg5.grm.bin].
GRM for 13173 individuals are included from [./rg5.grm.bin].
Reading phenotypes from [./rg5.pheno].
Non-missing phenotypes of 4804 individuals are included from [./rg5.pheno].
Reading quantitative covariates from [./rg5.covar].
10 quantitative covariate(s) of 4804 individuals read from [./rg5.covar].

10 quantitative variable(s) included as covariate(s).
4804 individuals are in common in these files.

Performing  REML analysis ... (Note: may take hours depending on sample size).
4804 observations, 11 fixed effect(s), and 2 variance component(s)(including residual variance).
Calculating prior values of variance components by EM-REML ...
Updated prior values: 0.552404 0.677129
logL: -2638.89
Running AI-REML algorithm ...
Iter.	logL	V(G)	V(e)	
1	-2457.55	0.41025	0.75651	
2	-2441.88	0.32853	0.80878	
3	-2434.28	0.28049	0.84346	
4	-2430.66	0.25118	0.86675	
5	-2428.95	0.23272	0.88251	
6	-2428.14	0.22085	0.89322	
7	-2427.77	0.19631	0.91626	
8	-2427.44	0.19777	0.91598	
9	-2427.44	0.19773	0.91599	
10	-2427.44	0.19773	0.91599	
Log-likelihood ratio converged.

Summary result of REML analysis:
Source	Variance	SE
V(G)	0.197734	0.063403
V(e)	0.915993	0.030380
Vp	1.113727	0.045445
V(G)/Vp	0.177543	0.050542

Sampling variance/covariance of the estimates of variance components:
4.019970e-03	-1.438831e-03	
-1.438831e-03	9.229475e-04	
Estimatesof fixed effects:

Source	Estimate	SE
mean	-0.149345	0.311359
X_2	0.066382	0.044272
X_3	0.013428	0.022340
X_4	-0.004897	0.022362
X_5	0.024209	0.021746
X_6	-0.006575	0.021684
X_7	0.006425	0.021935
X_8	0.038808	0.021772
X_9	-0.023631	0.021840
X_10	0.022700	0.021579
X_11	-0.012158	0.021216

Summary result of REML analysis has been saved in the file [./rg5.hsq].

Analysis finished at 23:30:06 UTC on Thu Jul 06 2023
Computational time: 54.110569 second(s).
