*******************************************************************
* Genome-wide Complex Trait Analysis (GCTA)
* version 1.91.7 beta1
* (C) 2010-2018, The University of Queensland
* Please report bugs to: Jian Yang <jian.yang@uq.edu.au>
*******************************************************************
Analysis started at 23:39:29 UTC on Thu Jul 06 2023.
Hostname: r205u01n04

Accepted options:
--reml
--reml-no-lrt
--reml-no-constrain
--reml-est-fix
--pheno ./rg60.pheno
--out ./rg60
--thread-num 2
--grm ./rg60
--qcovar ./rg60.covar

Note: the program will be running on 2 threads.

Reading IDs of the GRM from [./rg60.grm.id].
13173 IDs read from [./rg60.grm.id].
Reading the GRM from [./rg60.grm.bin].
GRM for 13173 individuals are included from [./rg60.grm.bin].
Reading phenotypes from [./rg60.pheno].
Non-missing phenotypes of 4804 individuals are included from [./rg60.pheno].
Reading quantitative covariates from [./rg60.covar].
10 quantitative covariate(s) of 4804 individuals read from [./rg60.covar].

10 quantitative variable(s) included as covariate(s).
4804 individuals are in common in these files.

Performing  REML analysis ... (Note: may take hours depending on sample size).
4804 observations, 11 fixed effect(s), and 2 variance component(s)(including residual variance).
Calculating prior values of variance components by EM-REML ...
Updated prior values: 0.556723 0.685603
logL: -2646.53
Running AI-REML algorithm ...
Iter.	logL	V(G)	V(e)	
1	-2449.43	0.50165	0.73625	
2	-2438.18	0.46231	0.77379	
3	-2432.51	0.43497	0.80087	
4	-2429.70	0.41627	0.82006	
5	-2428.34	0.40359	0.83347	
6	-2427.68	0.39505	0.84276	
7	-2427.37	0.37692	0.86300	
8	-2427.10	0.37787	0.86290	
9	-2427.10	0.37783	0.86291	
Log-likelihood ratio converged.

Summary result of REML analysis:
Source	Variance	SE
V(G)	0.377829	0.114178
V(e)	0.862915	0.042311
Vp	1.240743	0.079596
V(G)/Vp	0.304518	0.073295

Sampling variance/covariance of the estimates of variance components:
1.303659e-02	-4.245632e-03	
-4.245632e-03	1.790181e-03	
Estimatesof fixed effects:

Source	Estimate	SE
mean	-0.151186	0.500308
X_2	0.064057	0.043935
X_3	0.014284	0.022167
X_4	-0.004913	0.022177
X_5	0.024032	0.021589
X_6	-0.006392	0.021523
X_7	0.007090	0.021765
X_8	0.038667	0.021609
X_9	-0.023281	0.021683
X_10	0.022527	0.021414
X_11	-0.012509	0.021073

Summary result of REML analysis has been saved in the file [./rg60.hsq].

Analysis finished at 23:40:19 UTC on Thu Jul 06 2023
Computational time: 49.569183 second(s).
