*******************************************************************
* Genome-wide Complex Trait Analysis (GCTA)
* version 1.91.7 beta1
* (C) 2010-2018, The University of Queensland
* Please report bugs to: Jian Yang <jian.yang@uq.edu.au>
*******************************************************************
Analysis started at 23:42:05 UTC on Thu Jul 06 2023.
Hostname: r205u01n04

Accepted options:
--reml
--reml-no-lrt
--reml-no-constrain
--reml-est-fix
--pheno ./rg75.pheno
--out ./rg75
--thread-num 2
--grm ./rg75
--qcovar ./rg75.covar

Note: the program will be running on 2 threads.

Reading IDs of the GRM from [./rg75.grm.id].
13173 IDs read from [./rg75.grm.id].
Reading the GRM from [./rg75.grm.bin].
GRM for 13173 individuals are included from [./rg75.grm.bin].
Reading phenotypes from [./rg75.pheno].
Non-missing phenotypes of 4804 individuals are included from [./rg75.pheno].
Reading quantitative covariates from [./rg75.covar].
10 quantitative covariate(s) of 4804 individuals read from [./rg75.covar].

10 quantitative variable(s) included as covariate(s).
4804 individuals are in common in these files.

Performing  REML analysis ... (Note: may take hours depending on sample size).
4804 observations, 11 fixed effect(s), and 2 variance component(s)(including residual variance).
Calculating prior values of variance components by EM-REML ...
Updated prior values: 0.558034 0.689164
logL: -2652.3
Running AI-REML algorithm ...
Iter.	logL	V(G)	V(e)	
1	-2448.68	0.53368	0.73010	
2	-2437.91	0.51505	0.76098	
3	-2432.47	0.50149	0.78358	
4	-2429.78	0.49195	0.79975	
5	-2428.48	0.48541	0.81113	
6	-2427.85	0.48100	0.81905	
7	-2427.55	0.47169	0.83635	
8	-2427.28	0.47256	0.83629	
9	-2427.28	0.47250	0.83631	
Log-likelihood ratio converged.

Summary result of REML analysis:
Source	Variance	SE
V(G)	0.472505	0.138687
V(e)	0.836306	0.048297
Vp	1.308811	0.096936
V(G)/Vp	0.361018	0.080006

Sampling variance/covariance of the estimates of variance components:
1.923417e-02	-6.085126e-03	
-6.085126e-03	2.332632e-03	
Estimatesof fixed effects:

Source	Estimate	SE
mean	-0.150357	0.578845
X_2	0.061163	0.043159
X_3	0.015183	0.021684
X_4	-0.004639	0.021684
X_5	0.023648	0.021140
X_6	-0.006390	0.021073
X_7	0.007675	0.021300
X_8	0.038669	0.021155
X_9	-0.023071	0.021231
X_10	0.022773	0.020965
X_11	-0.012899	0.020657

Summary result of REML analysis has been saved in the file [./rg75.hsq].

Analysis finished at 23:42:54 UTC on Thu Jul 06 2023
Computational time: 49.566555 second(s).
