*******************************************************************
* Genome-wide Complex Trait Analysis (GCTA)
* version 1.91.7 beta1
* (C) 2010-2018, The University of Queensland
* Please report bugs to: Jian Yang <jian.yang@uq.edu.au>
*******************************************************************
Analysis started at 23:44:41 UTC on Thu Jul 06 2023.
Hostname: r205u01n04

Accepted options:
--reml
--reml-no-lrt
--reml-no-constrain
--reml-est-fix
--pheno ./rg90.pheno
--out ./rg90
--thread-num 2
--grm ./rg90
--qcovar ./rg90.covar

Note: the program will be running on 2 threads.

Reading IDs of the GRM from [./rg90.grm.id].
13173 IDs read from [./rg90.grm.id].
Reading the GRM from [./rg90.grm.bin].
GRM for 13173 individuals are included from [./rg90.grm.bin].
Reading phenotypes from [./rg90.pheno].
Non-missing phenotypes of 4804 individuals are included from [./rg90.pheno].
Reading quantitative covariates from [./rg90.covar].
10 quantitative covariate(s) of 4804 individuals read from [./rg90.covar].

10 quantitative variable(s) included as covariate(s).
4804 individuals are in common in these files.

Performing  REML analysis ... (Note: may take hours depending on sample size).
4804 observations, 11 fixed effect(s), and 2 variance component(s)(including residual variance).
Calculating prior values of variance components by EM-REML ...
Updated prior values: 0.559307 0.693961
logL: -2661.79
Running AI-REML algorithm ...
Iter.	logL	V(G)	V(e)	
1	-2449.53	0.56716	0.72502	
2	-2438.83	0.57261	0.74848	
3	-2433.43	0.57646	0.76569	
4	-2430.77	0.57921	0.77804	
5	-2429.47	0.58120	0.78678	
6	-2428.84	0.58265	0.79288	
7	-2428.54	0.58599	0.80625	
8	-2428.28	0.58647	0.80632	
9	-2428.28	0.58644	0.80633	
Log-likelihood ratio converged.

Summary result of REML analysis:
Source	Variance	SE
V(G)	0.586437	0.168996
V(e)	0.806327	0.055635
Vp	1.392764	0.118884
V(G)/Vp	0.421060	0.086137

Sampling variance/covariance of the estimates of variance components:
2.855960e-02	-8.760773e-03	
-8.760773e-03	3.095306e-03	
Estimatesof fixed effects:

Source	Estimate	SE
mean	-0.147253	0.665694
X_2	0.054191	0.040935
X_3	0.016955	0.020454
X_4	-0.003860	0.020436
X_5	0.022654	0.019996
X_6	-0.006521	0.019934
X_7	0.008819	0.020120
X_8	0.038710	0.020001
X_9	-0.022821	0.020075
X_10	0.023560	0.019831
X_11	-0.013711	0.019593

Summary result of REML analysis has been saved in the file [./rg90.hsq].

Analysis finished at 23:45:30 UTC on Thu Jul 06 2023
Computational time: 49.549759 second(s).
